This file contains any messages produced by compilers while
running configure, to aid debugging if configure makes a mistake.

It was created by gsl configure 2.7.1, which was
generated by GNU Autoconf 2.71.  Invocation command line was

  $ ./configure -prefix=/home/taeung/GSL

## --------- ##
## Platform. ##
## --------- ##

hostname = phase
uname -m = x86_64
uname -r = 3.10.0-1160.el7.x86_64
uname -s = Linux
uname -v = #1 SMP Mon Oct 19 16:18:59 UTC 2020

/usr/bin/uname -p = x86_64
/bin/uname -X     = unknown

/bin/arch              = x86_64
/usr/bin/arch -k       = unknown
/usr/convex/getsysinfo = unknown
/usr/bin/hostinfo      = unknown
/bin/machine           = unknown
/usr/bin/oslevel       = unknown
/bin/universe          = unknown

PATH: /opt/hdf5/intel-2021.4.0/1.12.0/bin/
PATH: /opt/intel/oneapi/mkl/2021.4.0/bin/
PATH: /opt/intel/oneapi/mpi/2021.4.0/bin/
PATH: /opt/intel/oneapi/compiler/2021.4.0/linux/bin/intel64/
PATH: /opt/intel/oneapi/compiler/2021.4.0/linux/bin/
PATH: /opt/intel/oneapi/compiler/2021.4.0/linux/ioc/bin/
PATH: /opt/python/3.9.10/bin/
PATH: /opt/sge/bin/
PATH: /opt/sge/bin/lx-amd64/
PATH: /usr/lib64/qt-3.3/bin/
PATH: /usr/local/bin/
PATH: /usr/bin/
PATH: /usr/local/sbin/
PATH: /usr/sbin/
PATH: /var/lib/snapd/snap/bin/
PATH: /home/taeung/.local/bin/
PATH: /home/taeung/bin/


## ----------- ##
## Core tests. ##
## ----------- ##

configure:2579: looking for aux files: ltmain.sh compile config.guess config.sub missing install-sh
configure:2592:  trying ./
configure:2621:   ./ltmain.sh found
configure:2621:   ./compile found
configure:2621:   ./config.guess found
configure:2621:   ./config.sub found
configure:2621:   ./missing found
configure:2603:   ./install-sh found
configure:2752: checking for a BSD-compatible install
configure:2825: result: /usr/bin/install -c
configure:2836: checking whether build environment is sane
configure:2891: result: yes
configure:3050: checking for a race-free mkdir -p
configure:3094: result: /usr/bin/mkdir -p
configure:3101: checking for gawk
configure:3122: found /usr/bin/gawk
configure:3133: result: gawk
configure:3144: checking whether make sets $(MAKE)
configure:3167: result: yes
configure:3197: checking whether make supports nested variables
configure:3215: result: yes
configure:3340: checking whether to enable maintainer-specific portions of Makefiles
configure:3350: result: no
configure:3388: checking for a sed that does not truncate output
configure:3458: result: /usr/bin/sed
configure:3470: checking whether make sets $(MAKE)
configure:3493: result: yes
configure:3509: checking build system type
configure:3524: result: x86_64-unknown-linux-gnu
configure:3544: checking host system type
configure:3558: result: x86_64-unknown-linux-gnu
configure:3647: checking for gcc
configure:3668: found /usr/bin/gcc
configure:3679: result: gcc
configure:4032: checking for C compiler version
configure:4041: gcc --version >&5
gcc (GCC) 4.8.5 20150623 (Red Hat 4.8.5-44)
Copyright (C) 2015 Free Software Foundation, Inc.
This is free software; see the source for copying conditions.  There is NO
warranty; not even for MERCHANTABILITY or FITNESS FOR A PARTICULAR PURPOSE.

configure:4052: $? = 0
configure:4041: gcc -v >&5
Using built-in specs.
COLLECT_GCC=gcc
COLLECT_LTO_WRAPPER=/usr/libexec/gcc/x86_64-redhat-linux/4.8.5/lto-wrapper
Target: x86_64-redhat-linux
Configured with: ../configure --prefix=/usr --mandir=/usr/share/man --infodir=/usr/share/info --with-bugurl=http://bugzilla.redhat.com/bugzilla --enable-bootstrap --enable-shared --enable-threads=posix --enable-checking=release --with-system-zlib --enable-__cxa_atexit --disable-libunwind-exceptions --enable-gnu-unique-object --enable-linker-build-id --with-linker-hash-style=gnu --enable-languages=c,c++,objc,obj-c++,java,fortran,ada,go,lto --enable-plugin --enable-initfini-array --disable-libgcj --with-isl=/builddir/build/BUILD/gcc-4.8.5-20150702/obj-x86_64-redhat-linux/isl-install --with-cloog=/builddir/build/BUILD/gcc-4.8.5-20150702/obj-x86_64-redhat-linux/cloog-install --enable-gnu-indirect-function --with-tune=generic --with-arch_32=x86-64 --build=x86_64-redhat-linux
Thread model: posix
gcc version 4.8.5 20150623 (Red Hat 4.8.5-44) (GCC) 
configure:4052: $? = 0
configure:4041: gcc -V >&5
gcc: error: unrecognized command line option '-V'
gcc: fatal error: no input files
compilation terminated.
configure:4052: $? = 4
configure:4041: gcc -qversion >&5
gcc: error: unrecognized command line option '-qversion'
gcc: fatal error: no input files
compilation terminated.
configure:4052: $? = 4
configure:4041: gcc -version >&5
gcc: error: unrecognized command line option '-version'
gcc: fatal error: no input files
compilation terminated.
configure:4052: $? = 4
configure:4072: checking whether the C compiler works
configure:4094: gcc -std=c99   conftest.c  >&5
configure:4098: $? = 0
configure:4148: result: yes
configure:4151: checking for C compiler default output file name
configure:4153: result: a.out
configure:4159: checking for suffix of executables
configure:4166: gcc -o conftest -std=c99   conftest.c  >&5
configure:4170: $? = 0
configure:4193: result: 
configure:4215: checking whether we are cross compiling
configure:4223: gcc -o conftest -std=c99   conftest.c  >&5
configure:4227: $? = 0
configure:4234: ./conftest
configure:4238: $? = 0
configure:4253: result: no
configure:4258: checking for suffix of object files
configure:4281: gcc -c -std=c99  conftest.c >&5
configure:4285: $? = 0
configure:4307: result: o
configure:4311: checking whether the compiler supports GNU C
configure:4331: gcc -c -std=c99  conftest.c >&5
configure:4331: $? = 0
configure:4341: result: yes
configure:4352: checking whether gcc accepts -g
configure:4373: gcc -c -g  conftest.c >&5
configure:4373: $? = 0
configure:4417: result: yes
configure:4437: checking for gcc option to enable C11 features
configure:4452: gcc  -c -std=c99  conftest.c >&5
conftest.c:168:3: error: #error "Compiler does not advertise C11 conformance"
 # error "Compiler does not advertise C11 conformance"
   ^
conftest.c:199:12: error: 'syntax' undeclared here (not in a function)
 #define u8 syntax error!
            ^
conftest.c:200:29: note: in expansion of macro 'u8'
 char const utf8_literal[] = u8"happens to be ASCII" "another string";
                             ^
conftest.c:199:19: error: expected ',' or ';' before 'error'
 #define u8 syntax error!
                   ^
conftest.c:200:29: note: in expansion of macro 'u8'
 char const utf8_literal[] = u8"happens to be ASCII" "another string";
                             ^
configure:4452: $? = 1
configure: failed program was:
| /* confdefs.h */
| #define PACKAGE_NAME "gsl"
| #define PACKAGE_TARNAME "gsl"
| #define PACKAGE_VERSION "2.7.1"
| #define PACKAGE_STRING "gsl 2.7.1"
| #define PACKAGE_BUGREPORT ""
| #define PACKAGE_URL ""
| #define PACKAGE "gsl"
| #define VERSION "2.7.1"
| #define RELEASED /**/
| /* end confdefs.h.  */
| 
| /* Does the compiler advertise C89 conformance?
|    Do not test the value of __STDC__, because some compilers set it to 0
|    while being otherwise adequately conformant. */
| #if !defined __STDC__
| # error "Compiler does not advertise C89 conformance"
| #endif
| 
| #include <stddef.h>
| #include <stdarg.h>
| struct stat;
| /* Most of the following tests are stolen from RCS 5.7 src/conf.sh.  */
| struct buf { int x; };
| struct buf * (*rcsopen) (struct buf *, struct stat *, int);
| static char *e (p, i)
|      char **p;
|      int i;
| {
|   return p[i];
| }
| static char *f (char * (*g) (char **, int), char **p, ...)
| {
|   char *s;
|   va_list v;
|   va_start (v,p);
|   s = g (p, va_arg (v,int));
|   va_end (v);
|   return s;
| }
| 
| /* OSF 4.0 Compaq cc is some sort of almost-ANSI by default.  It has
|    function prototypes and stuff, but not \xHH hex character constants.
|    These do not provoke an error unfortunately, instead are silently treated
|    as an "x".  The following induces an error, until -std is added to get
|    proper ANSI mode.  Curiously \x00 != x always comes out true, for an
|    array size at least.  It is necessary to write \x00 == 0 to get something
|    that is true only with -std.  */
| int osf4_cc_array ['\x00' == 0 ? 1 : -1];
| 
| /* IBM C 6 for AIX is almost-ANSI by default, but it replaces macro parameters
|    inside strings and character constants.  */
| #define FOO(x) 'x'
| int xlc6_cc_array[FOO(a) == 'x' ? 1 : -1];
| 
| int test (int i, double x);
| struct s1 {int (*f) (int a);};
| struct s2 {int (*f) (double a);};
| int pairnames (int, char **, int *(*)(struct buf *, struct stat *, int),
|                int, int);
| 
| // Does the compiler advertise C99 conformance?
| #if !defined __STDC_VERSION__ || __STDC_VERSION__ < 199901L
| # error "Compiler does not advertise C99 conformance"
| #endif
| 
| #include <stdbool.h>
| extern int puts (const char *);
| extern int printf (const char *, ...);
| extern int dprintf (int, const char *, ...);
| extern void *malloc (size_t);
| 
| // Check varargs macros.  These examples are taken from C99 6.10.3.5.
| // dprintf is used instead of fprintf to avoid needing to declare
| // FILE and stderr.
| #define debug(...) dprintf (2, __VA_ARGS__)
| #define showlist(...) puts (#__VA_ARGS__)
| #define report(test,...) ((test) ? puts (#test) : printf (__VA_ARGS__))
| static void
| test_varargs_macros (void)
| {
|   int x = 1234;
|   int y = 5678;
|   debug ("Flag");
|   debug ("X = %d\n", x);
|   showlist (The first, second, and third items.);
|   report (x>y, "x is %d but y is %d", x, y);
| }
| 
| // Check long long types.
| #define BIG64 18446744073709551615ull
| #define BIG32 4294967295ul
| #define BIG_OK (BIG64 / BIG32 == 4294967297ull && BIG64 % BIG32 == 0)
| #if !BIG_OK
|   #error "your preprocessor is broken"
| #endif
| #if BIG_OK
| #else
|   #error "your preprocessor is broken"
| #endif
| static long long int bignum = -9223372036854775807LL;
| static unsigned long long int ubignum = BIG64;
| 
| struct incomplete_array
| {
|   int datasize;
|   double data[];
| };
| 
| struct named_init {
|   int number;
|   const wchar_t *name;
|   double average;
| };
| 
| typedef const char *ccp;
| 
| static inline int
| test_restrict (ccp restrict text)
| {
|   // See if C++-style comments work.
|   // Iterate through items via the restricted pointer.
|   // Also check for declarations in for loops.
|   for (unsigned int i = 0; *(text+i) != '\0'; ++i)
|     continue;
|   return 0;
| }
| 
| // Check varargs and va_copy.
| static bool
| test_varargs (const char *format, ...)
| {
|   va_list args;
|   va_start (args, format);
|   va_list args_copy;
|   va_copy (args_copy, args);
| 
|   const char *str = "";
|   int number = 0;
|   float fnumber = 0;
| 
|   while (*format)
|     {
|       switch (*format++)
| 	{
| 	case 's': // string
| 	  str = va_arg (args_copy, const char *);
| 	  break;
| 	case 'd': // int
| 	  number = va_arg (args_copy, int);
| 	  break;
| 	case 'f': // float
| 	  fnumber = va_arg (args_copy, double);
| 	  break;
| 	default:
| 	  break;
| 	}
|     }
|   va_end (args_copy);
|   va_end (args);
| 
|   return *str && number && fnumber;
| }
| 
| 
| // Does the compiler advertise C11 conformance?
| #if !defined __STDC_VERSION__ || __STDC_VERSION__ < 201112L
| # error "Compiler does not advertise C11 conformance"
| #endif
| 
| // Check _Alignas.
| char _Alignas (double) aligned_as_double;
| char _Alignas (0) no_special_alignment;
| extern char aligned_as_int;
| char _Alignas (0) _Alignas (int) aligned_as_int;
| 
| // Check _Alignof.
| enum
| {
|   int_alignment = _Alignof (int),
|   int_array_alignment = _Alignof (int[100]),
|   char_alignment = _Alignof (char)
| };
| _Static_assert (0 < -_Alignof (int), "_Alignof is signed");
| 
| // Check _Noreturn.
| int _Noreturn does_not_return (void) { for (;;) continue; }
| 
| // Check _Static_assert.
| struct test_static_assert
| {
|   int x;
|   _Static_assert (sizeof (int) <= sizeof (long int),
|                   "_Static_assert does not work in struct");
|   long int y;
| };
| 
| // Check UTF-8 literals.
| #define u8 syntax error!
| char const utf8_literal[] = u8"happens to be ASCII" "another string";
| 
| // Check duplicate typedefs.
| typedef long *long_ptr;
| typedef long int *long_ptr;
| typedef long_ptr long_ptr;
| 
| // Anonymous structures and unions -- taken from C11 6.7.2.1 Example 1.
| struct anonymous
| {
|   union {
|     struct { int i; int j; };
|     struct { int k; long int l; } w;
|   };
|   int m;
| } v1;
| 
| 
| int
| main (int argc, char **argv)
| {
|   int ok = 0;
|   
| ok |= (argc == 0 || f (e, argv, 0) != argv[0] || f (e, argv, 1) != argv[1]);
| 
|   
|   // Check bool.
|   _Bool success = false;
|   success |= (argc != 0);
| 
|   // Check restrict.
|   if (test_restrict ("String literal") == 0)
|     success = true;
|   char *restrict newvar = "Another string";
| 
|   // Check varargs.
|   success &= test_varargs ("s, d' f .", "string", 65, 34.234);
|   test_varargs_macros ();
| 
|   // Check flexible array members.
|   struct incomplete_array *ia =
|     malloc (sizeof (struct incomplete_array) + (sizeof (double) * 10));
|   ia->datasize = 10;
|   for (int i = 0; i < ia->datasize; ++i)
|     ia->data[i] = i * 1.234;
| 
|   // Check named initializers.
|   struct named_init ni = {
|     .number = 34,
|     .name = L"Test wide string",
|     .average = 543.34343,
|   };
| 
|   ni.number = 58;
| 
|   int dynamic_array[ni.number];
|   dynamic_array[0] = argv[0][0];
|   dynamic_array[ni.number - 1] = 543;
| 
|   // work around unused variable warnings
|   ok |= (!success || bignum == 0LL || ubignum == 0uLL || newvar[0] == 'x'
| 	 || dynamic_array[ni.number - 1] != 543);
| 
|   
|   _Static_assert ((offsetof (struct anonymous, i)
| 		   == offsetof (struct anonymous, w.k)),
| 		  "Anonymous union alignment botch");
|   v1.i = 2;
|   v1.w.k = 5;
|   ok |= v1.i != 5;
| 
|   return ok;
| }
| 
configure:4452: gcc -std=gnu11 -c -std=c99  conftest.c >&5
conftest.c:168:3: error: #error "Compiler does not advertise C11 conformance"
 # error "Compiler does not advertise C11 conformance"
   ^
conftest.c:199:12: error: 'syntax' undeclared here (not in a function)
 #define u8 syntax error!
            ^
conftest.c:200:29: note: in expansion of macro 'u8'
 char const utf8_literal[] = u8"happens to be ASCII" "another string";
                             ^
conftest.c:199:19: error: expected ',' or ';' before 'error'
 #define u8 syntax error!
                   ^
conftest.c:200:29: note: in expansion of macro 'u8'
 char const utf8_literal[] = u8"happens to be ASCII" "another string";
                             ^
configure:4452: $? = 1
configure: failed program was:
| /* confdefs.h */
| #define PACKAGE_NAME "gsl"
| #define PACKAGE_TARNAME "gsl"
| #define PACKAGE_VERSION "2.7.1"
| #define PACKAGE_STRING "gsl 2.7.1"
| #define PACKAGE_BUGREPORT ""
| #define PACKAGE_URL ""
| #define PACKAGE "gsl"
| #define VERSION "2.7.1"
| #define RELEASED /**/
| /* end confdefs.h.  */
| 
| /* Does the compiler advertise C89 conformance?
|    Do not test the value of __STDC__, because some compilers set it to 0
|    while being otherwise adequately conformant. */
| #if !defined __STDC__
| # error "Compiler does not advertise C89 conformance"
| #endif
| 
| #include <stddef.h>
| #include <stdarg.h>
| struct stat;
| /* Most of the following tests are stolen from RCS 5.7 src/conf.sh.  */
| struct buf { int x; };
| struct buf * (*rcsopen) (struct buf *, struct stat *, int);
| static char *e (p, i)
|      char **p;
|      int i;
| {
|   return p[i];
| }
| static char *f (char * (*g) (char **, int), char **p, ...)
| {
|   char *s;
|   va_list v;
|   va_start (v,p);
|   s = g (p, va_arg (v,int));
|   va_end (v);
|   return s;
| }
| 
| /* OSF 4.0 Compaq cc is some sort of almost-ANSI by default.  It has
|    function prototypes and stuff, but not \xHH hex character constants.
|    These do not provoke an error unfortunately, instead are silently treated
|    as an "x".  The following induces an error, until -std is added to get
|    proper ANSI mode.  Curiously \x00 != x always comes out true, for an
|    array size at least.  It is necessary to write \x00 == 0 to get something
|    that is true only with -std.  */
| int osf4_cc_array ['\x00' == 0 ? 1 : -1];
| 
| /* IBM C 6 for AIX is almost-ANSI by default, but it replaces macro parameters
|    inside strings and character constants.  */
| #define FOO(x) 'x'
| int xlc6_cc_array[FOO(a) == 'x' ? 1 : -1];
| 
| int test (int i, double x);
| struct s1 {int (*f) (int a);};
| struct s2 {int (*f) (double a);};
| int pairnames (int, char **, int *(*)(struct buf *, struct stat *, int),
|                int, int);
| 
| // Does the compiler advertise C99 conformance?
| #if !defined __STDC_VERSION__ || __STDC_VERSION__ < 199901L
| # error "Compiler does not advertise C99 conformance"
| #endif
| 
| #include <stdbool.h>
| extern int puts (const char *);
| extern int printf (const char *, ...);
| extern int dprintf (int, const char *, ...);
| extern void *malloc (size_t);
| 
| // Check varargs macros.  These examples are taken from C99 6.10.3.5.
| // dprintf is used instead of fprintf to avoid needing to declare
| // FILE and stderr.
| #define debug(...) dprintf (2, __VA_ARGS__)
| #define showlist(...) puts (#__VA_ARGS__)
| #define report(test,...) ((test) ? puts (#test) : printf (__VA_ARGS__))
| static void
| test_varargs_macros (void)
| {
|   int x = 1234;
|   int y = 5678;
|   debug ("Flag");
|   debug ("X = %d\n", x);
|   showlist (The first, second, and third items.);
|   report (x>y, "x is %d but y is %d", x, y);
| }
| 
| // Check long long types.
| #define BIG64 18446744073709551615ull
| #define BIG32 4294967295ul
| #define BIG_OK (BIG64 / BIG32 == 4294967297ull && BIG64 % BIG32 == 0)
| #if !BIG_OK
|   #error "your preprocessor is broken"
| #endif
| #if BIG_OK
| #else
|   #error "your preprocessor is broken"
| #endif
| static long long int bignum = -9223372036854775807LL;
| static unsigned long long int ubignum = BIG64;
| 
| struct incomplete_array
| {
|   int datasize;
|   double data[];
| };
| 
| struct named_init {
|   int number;
|   const wchar_t *name;
|   double average;
| };
| 
| typedef const char *ccp;
| 
| static inline int
| test_restrict (ccp restrict text)
| {
|   // See if C++-style comments work.
|   // Iterate through items via the restricted pointer.
|   // Also check for declarations in for loops.
|   for (unsigned int i = 0; *(text+i) != '\0'; ++i)
|     continue;
|   return 0;
| }
| 
| // Check varargs and va_copy.
| static bool
| test_varargs (const char *format, ...)
| {
|   va_list args;
|   va_start (args, format);
|   va_list args_copy;
|   va_copy (args_copy, args);
| 
|   const char *str = "";
|   int number = 0;
|   float fnumber = 0;
| 
|   while (*format)
|     {
|       switch (*format++)
| 	{
| 	case 's': // string
| 	  str = va_arg (args_copy, const char *);
| 	  break;
| 	case 'd': // int
| 	  number = va_arg (args_copy, int);
| 	  break;
| 	case 'f': // float
| 	  fnumber = va_arg (args_copy, double);
| 	  break;
| 	default:
| 	  break;
| 	}
|     }
|   va_end (args_copy);
|   va_end (args);
| 
|   return *str && number && fnumber;
| }
| 
| 
| // Does the compiler advertise C11 conformance?
| #if !defined __STDC_VERSION__ || __STDC_VERSION__ < 201112L
| # error "Compiler does not advertise C11 conformance"
| #endif
| 
| // Check _Alignas.
| char _Alignas (double) aligned_as_double;
| char _Alignas (0) no_special_alignment;
| extern char aligned_as_int;
| char _Alignas (0) _Alignas (int) aligned_as_int;
| 
| // Check _Alignof.
| enum
| {
|   int_alignment = _Alignof (int),
|   int_array_alignment = _Alignof (int[100]),
|   char_alignment = _Alignof (char)
| };
| _Static_assert (0 < -_Alignof (int), "_Alignof is signed");
| 
| // Check _Noreturn.
| int _Noreturn does_not_return (void) { for (;;) continue; }
| 
| // Check _Static_assert.
| struct test_static_assert
| {
|   int x;
|   _Static_assert (sizeof (int) <= sizeof (long int),
|                   "_Static_assert does not work in struct");
|   long int y;
| };
| 
| // Check UTF-8 literals.
| #define u8 syntax error!
| char const utf8_literal[] = u8"happens to be ASCII" "another string";
| 
| // Check duplicate typedefs.
| typedef long *long_ptr;
| typedef long int *long_ptr;
| typedef long_ptr long_ptr;
| 
| // Anonymous structures and unions -- taken from C11 6.7.2.1 Example 1.
| struct anonymous
| {
|   union {
|     struct { int i; int j; };
|     struct { int k; long int l; } w;
|   };
|   int m;
| } v1;
| 
| 
| int
| main (int argc, char **argv)
| {
|   int ok = 0;
|   
| ok |= (argc == 0 || f (e, argv, 0) != argv[0] || f (e, argv, 1) != argv[1]);
| 
|   
|   // Check bool.
|   _Bool success = false;
|   success |= (argc != 0);
| 
|   // Check restrict.
|   if (test_restrict ("String literal") == 0)
|     success = true;
|   char *restrict newvar = "Another string";
| 
|   // Check varargs.
|   success &= test_varargs ("s, d' f .", "string", 65, 34.234);
|   test_varargs_macros ();
| 
|   // Check flexible array members.
|   struct incomplete_array *ia =
|     malloc (sizeof (struct incomplete_array) + (sizeof (double) * 10));
|   ia->datasize = 10;
|   for (int i = 0; i < ia->datasize; ++i)
|     ia->data[i] = i * 1.234;
| 
|   // Check named initializers.
|   struct named_init ni = {
|     .number = 34,
|     .name = L"Test wide string",
|     .average = 543.34343,
|   };
| 
|   ni.number = 58;
| 
|   int dynamic_array[ni.number];
|   dynamic_array[0] = argv[0][0];
|   dynamic_array[ni.number - 1] = 543;
| 
|   // work around unused variable warnings
|   ok |= (!success || bignum == 0LL || ubignum == 0uLL || newvar[0] == 'x'
| 	 || dynamic_array[ni.number - 1] != 543);
| 
|   
|   _Static_assert ((offsetof (struct anonymous, i)
| 		   == offsetof (struct anonymous, w.k)),
| 		  "Anonymous union alignment botch");
|   v1.i = 2;
|   v1.w.k = 5;
|   ok |= v1.i != 5;
| 
|   return ok;
| }
| 
configure:4465: result: unsupported
configure:4483: checking for gcc option to enable C99 features
configure:4498: gcc  -c -std=c99  conftest.c >&5
configure:4498: $? = 0
configure:4516: result: none needed
configure:4586: checking whether gcc understands -c and -o together
configure:4609: gcc -c conftest.c -o conftest2.o
configure:4612: $? = 0
configure:4609: gcc -c conftest.c -o conftest2.o
configure:4612: $? = 0
configure:4624: result: yes
configure:4644: checking whether make supports the include directive
configure:4659: make -f confmf.GNU && cat confinc.out
this is the am__doit target
configure:4662: $? = 0
configure:4681: result: yes (GNU style)
configure:4707: checking dependency style of gcc
configure:4819: result: gcc3
configure:4839: checking how to run the C preprocessor
configure:4865: gcc -E  conftest.c
configure:4865: $? = 0
configure:4880: gcc -E  conftest.c
conftest.c:12:28: fatal error: ac_nonexistent.h: No such file or directory
 #include <ac_nonexistent.h>
                            ^
compilation terminated.
configure:4880: $? = 1
configure: failed program was:
| /* confdefs.h */
| #define PACKAGE_NAME "gsl"
| #define PACKAGE_TARNAME "gsl"
| #define PACKAGE_VERSION "2.7.1"
| #define PACKAGE_STRING "gsl 2.7.1"
| #define PACKAGE_BUGREPORT ""
| #define PACKAGE_URL ""
| #define PACKAGE "gsl"
| #define VERSION "2.7.1"
| #define RELEASED /**/
| /* end confdefs.h.  */
| #include <ac_nonexistent.h>
configure:4907: result: gcc -E
configure:4921: gcc -E  conftest.c
configure:4921: $? = 0
configure:4936: gcc -E  conftest.c
conftest.c:12:28: fatal error: ac_nonexistent.h: No such file or directory
 #include <ac_nonexistent.h>
                            ^
compilation terminated.
configure:4936: $? = 1
configure: failed program was:
| /* confdefs.h */
| #define PACKAGE_NAME "gsl"
| #define PACKAGE_TARNAME "gsl"
| #define PACKAGE_VERSION "2.7.1"
| #define PACKAGE_STRING "gsl 2.7.1"
| #define PACKAGE_BUGREPORT ""
| #define PACKAGE_URL ""
| #define PACKAGE "gsl"
| #define VERSION "2.7.1"
| #define RELEASED /**/
| /* end confdefs.h.  */
| #include <ac_nonexistent.h>
configure:4967: checking whether ln -s works
configure:4971: result: yes
configure:5025: checking how to print strings
configure:5052: result: printf
configure:5073: checking for a sed that does not truncate output
configure:5143: result: /usr/bin/sed
configure:5161: checking for grep that handles long lines and -e
configure:5225: result: /usr/bin/grep
configure:5230: checking for egrep
configure:5298: result: /usr/bin/grep -E
configure:5303: checking for fgrep
configure:5371: result: /usr/bin/grep -F
configure:5407: checking for ld used by gcc
configure:5475: result: /usr/bin/ld
configure:5482: checking if the linker (/usr/bin/ld) is GNU ld
configure:5498: result: yes
configure:5510: checking for BSD- or MS-compatible name lister (nm)
configure:5565: result: /usr/bin/nm -B
configure:5705: checking the name lister (/usr/bin/nm -B) interface
configure:5713: gcc -c -std=c99  conftest.c >&5
configure:5716: /usr/bin/nm -B "conftest.o"
configure:5719: output
0000000000000000 B some_variable
configure:5726: result: BSD nm
configure:5730: checking the maximum length of command line arguments
configure:5862: result: 3458764513820540925
configure:5910: checking how to convert x86_64-unknown-linux-gnu file names to x86_64-unknown-linux-gnu format
configure:5951: result: func_convert_file_noop
configure:5958: checking how to convert x86_64-unknown-linux-gnu file names to toolchain format
configure:5979: result: func_convert_file_noop
configure:5986: checking for /usr/bin/ld option to reload object files
configure:5994: result: -r
configure:6073: checking for objdump
configure:6094: found /usr/bin/objdump
configure:6105: result: objdump
configure:6134: checking how to recognize dependent libraries
configure:6335: result: pass_all
configure:6425: checking for dlltool
configure:6460: result: no
configure:6487: checking how to associate runtime and link libraries
configure:6515: result: printf %s\n
configure:6581: checking for ar
configure:6602: found /usr/bin/ar
configure:6613: result: ar
configure:6650: checking for archiver @FILE support
configure:6668: gcc -c -std=c99  conftest.c >&5
configure:6668: $? = 0
configure:6672: ar cru libconftest.a @conftest.lst >&5
configure:6675: $? = 0
configure:6680: ar cru libconftest.a @conftest.lst >&5
ar: conftest.o: No such file or directory
configure:6683: $? = 1
configure:6695: result: @
configure:6758: checking for strip
configure:6779: found /usr/bin/strip
configure:6790: result: strip
configure:6867: checking for ranlib
configure:6888: found /usr/bin/ranlib
configure:6899: result: ranlib
configure:7001: checking command to parse /usr/bin/nm -B output from gcc object
configure:7155: gcc -c -std=c99  conftest.c >&5
configure:7158: $? = 0
configure:7162: /usr/bin/nm -B conftest.o \| sed -n -e 's/^.*[ ]\([ABCDGIRSTW][ABCDGIRSTW]*\)[ ][ ]*\([_A-Za-z][_A-Za-z0-9]*\)$/\1 \2 \2/p' | sed '/ __gnu_lto/d' \> conftest.nm
configure:7165: $? = 0
configure:7231: gcc -o conftest -std=c99   conftest.c conftstm.o >&5
configure:7234: $? = 0
configure:7272: result: ok
configure:7319: checking for sysroot
configure:7350: result: no
configure:7357: checking for a working dd
configure:7401: result: /usr/bin/dd
configure:7405: checking how to truncate binary pipes
configure:7421: result: /usr/bin/dd bs=4096 count=1
configure:7558: gcc -c -std=c99  conftest.c >&5
configure:7561: $? = 0
configure:7758: checking for mt
configure:7793: result: no
configure:7813: checking if : is a manifest tool
configure:7820: : '-?'
configure:7828: result: no
configure:8558: checking for stdio.h
configure:8558: gcc -c -std=c99  conftest.c >&5
configure:8558: $? = 0
configure:8558: result: yes
configure:8558: checking for stdlib.h
configure:8558: gcc -c -std=c99  conftest.c >&5
configure:8558: $? = 0
configure:8558: result: yes
configure:8558: checking for string.h
configure:8558: gcc -c -std=c99  conftest.c >&5
configure:8558: $? = 0
configure:8558: result: yes
configure:8558: checking for inttypes.h
configure:8558: gcc -c -std=c99  conftest.c >&5
configure:8558: $? = 0
configure:8558: result: yes
configure:8558: checking for stdint.h
configure:8558: gcc -c -std=c99  conftest.c >&5
configure:8558: $? = 0
configure:8558: result: yes
configure:8558: checking for strings.h
configure:8558: gcc -c -std=c99  conftest.c >&5
configure:8558: $? = 0
configure:8558: result: yes
configure:8558: checking for sys/stat.h
configure:8558: gcc -c -std=c99  conftest.c >&5
configure:8558: $? = 0
configure:8558: result: yes
configure:8558: checking for sys/types.h
configure:8558: gcc -c -std=c99  conftest.c >&5
configure:8558: $? = 0
configure:8558: result: yes
configure:8558: checking for unistd.h
configure:8558: gcc -c -std=c99  conftest.c >&5
configure:8558: $? = 0
configure:8558: result: yes
configure:8583: checking for dlfcn.h
configure:8583: gcc -c -std=c99  conftest.c >&5
configure:8583: $? = 0
configure:8583: result: yes
configure:9170: checking for objdir
configure:9186: result: .libs
configure:9446: checking if gcc supports -fno-rtti -fno-exceptions
configure:9465: gcc -c -std=c99  -fno-rtti -fno-exceptions conftest.c >&5
cc1: warning: command line option '-fno-rtti' is valid for C++/ObjC++ but not for C [enabled by default]
configure:9469: $? = 0
configure:9482: result: no
configure:9840: checking for gcc option to produce PIC
configure:9848: result: -fPIC -DPIC
configure:9856: checking if gcc PIC flag -fPIC -DPIC works
configure:9875: gcc -c -std=c99  -fPIC -DPIC -DPIC conftest.c >&5
configure:9879: $? = 0
configure:9892: result: yes
configure:9921: checking if gcc static flag -static works
configure:9950: result: no
configure:9965: checking if gcc supports -c -o file.o
configure:9987: gcc -c -std=c99  -o out/conftest2.o conftest.c >&5
configure:9991: $? = 0
configure:10013: result: yes
configure:10021: checking if gcc supports -c -o file.o
configure:10069: result: yes
configure:10102: checking whether the gcc linker (/usr/bin/ld -m elf_x86_64) supports shared libraries
configure:11368: result: yes
configure:11405: checking whether -lc should be explicitly linked in
configure:11414: gcc -c -std=c99  conftest.c >&5
configure:11417: $? = 0
configure:11432: gcc -shared  -fPIC -DPIC conftest.o  -v -Wl,-soname -Wl,conftest -o conftest 2\>\&1 \| /usr/bin/grep  -lc  \>/dev/null 2\>\&1
configure:11435: $? = 0
configure:11449: result: no
configure:11609: checking dynamic linker characteristics
configure:12191: gcc -o conftest -std=c99   -Wl,-rpath -Wl,/foo conftest.c  >&5
configure:12191: $? = 0
configure:12430: result: GNU/Linux ld.so
configure:12552: checking how to hardcode library paths into programs
configure:12577: result: immediate
configure:13129: checking whether stripping libraries is possible
configure:13134: result: yes
configure:13169: checking if libtool supports shared libraries
configure:13171: result: yes
configure:13174: checking whether to build shared libraries
configure:13199: result: yes
configure:13202: checking whether to build static libraries
configure:13206: result: yes
configure:13244: checking for size_t
configure:13244: gcc -c -std=c99  conftest.c >&5
configure:13244: $? = 0
configure:13244: gcc -c -std=c99  conftest.c >&5
conftest.c: In function 'main':
conftest.c:55:21: error: expected expression before ')' token
 if (sizeof ((size_t)))
                     ^
configure:13244: $? = 1
configure: failed program was:
| /* confdefs.h */
| #define PACKAGE_NAME "gsl"
| #define PACKAGE_TARNAME "gsl"
| #define PACKAGE_VERSION "2.7.1"
| #define PACKAGE_STRING "gsl 2.7.1"
| #define PACKAGE_BUGREPORT ""
| #define PACKAGE_URL ""
| #define PACKAGE "gsl"
| #define VERSION "2.7.1"
| #define RELEASED /**/
| #define HAVE_STDIO_H 1
| #define HAVE_STDLIB_H 1
| #define HAVE_STRING_H 1
| #define HAVE_INTTYPES_H 1
| #define HAVE_STDINT_H 1
| #define HAVE_STRINGS_H 1
| #define HAVE_SYS_STAT_H 1
| #define HAVE_SYS_TYPES_H 1
| #define HAVE_UNISTD_H 1
| #define STDC_HEADERS 1
| #define HAVE_DLFCN_H 1
| #define LT_OBJDIR ".libs/"
| /* end confdefs.h.  */
| #include <stddef.h>
| #ifdef HAVE_STDIO_H
| # include <stdio.h>
| #endif
| #ifdef HAVE_STDLIB_H
| # include <stdlib.h>
| #endif
| #ifdef HAVE_STRING_H
| # include <string.h>
| #endif
| #ifdef HAVE_INTTYPES_H
| # include <inttypes.h>
| #endif
| #ifdef HAVE_STDINT_H
| # include <stdint.h>
| #endif
| #ifdef HAVE_STRINGS_H
| # include <strings.h>
| #endif
| #ifdef HAVE_SYS_TYPES_H
| # include <sys/types.h>
| #endif
| #ifdef HAVE_SYS_STAT_H
| # include <sys/stat.h>
| #endif
| #ifdef HAVE_UNISTD_H
| # include <unistd.h>
| #endif
| int
| main (void)
| {
| if (sizeof ((size_t)))
| 	    return 0;
|   ;
|   return 0;
| }
configure:13244: result: yes
configure:13254: checking for working volatile
configure:13274: gcc -c -std=c99  conftest.c >&5
configure:13274: $? = 0
configure:13282: result: yes
configure:13290: checking for inline
configure:13307: gcc -c -std=c99  conftest.c >&5
configure:13307: $? = 0
configure:13316: result: inline
configure:13334: checking whether char is unsigned
configure:13354: gcc -c -std=c99  conftest.c >&5
configure:13354: $? = 0
configure:13362: result: no
configure:13460: checking for cos in -lm
configure:13483: gcc -o conftest -std=c99   conftest.c -lm   >&5
conftest.c:28:6: warning: conflicting types for built-in function 'cos' [enabled by default]
 char cos ();
      ^
configure:13483: $? = 0
configure:13493: result: yes
configure:13511: checking for GNU-style extern inline
configure:13531: gcc -c -std=c99  conftest.c >&5
conftest.c:26:11: error: redefinition of 'foo'
    double foo (double x) { return x + 1.0 ; };
           ^
conftest.c:25:25: note: previous definition of 'foo' was here
    extern inline double foo(double x) { return x + 1.0 ; } ;
                         ^
configure:13531: $? = 1
configure: failed program was:
| /* confdefs.h */
| #define PACKAGE_NAME "gsl"
| #define PACKAGE_TARNAME "gsl"
| #define PACKAGE_VERSION "2.7.1"
| #define PACKAGE_STRING "gsl 2.7.1"
| #define PACKAGE_BUGREPORT ""
| #define PACKAGE_URL ""
| #define PACKAGE "gsl"
| #define VERSION "2.7.1"
| #define RELEASED /**/
| #define HAVE_STDIO_H 1
| #define HAVE_STDLIB_H 1
| #define HAVE_STRING_H 1
| #define HAVE_INTTYPES_H 1
| #define HAVE_STDINT_H 1
| #define HAVE_STRINGS_H 1
| #define HAVE_SYS_STAT_H 1
| #define HAVE_SYS_TYPES_H 1
| #define HAVE_UNISTD_H 1
| #define STDC_HEADERS 1
| #define HAVE_DLFCN_H 1
| #define LT_OBJDIR ".libs/"
| /* end confdefs.h.  */
| extern inline double foo(double x);
|    extern inline double foo(double x) { return x + 1.0 ; } ;
|    double foo (double x) { return x + 1.0 ; };
| int
| main (void)
| {
|   foo(1.0)
|   ;
|   return 0;
| }
configure:13538: result: no
configure:13546: checking for C99-style inline
configure:13564: gcc -c -std=c99  conftest.c >&5
configure:13564: $? = 0
configure:13581: gcc -c -std=c99  conftest.c >&5
configure:13581: $? = 0
configure:13591: result: yes
configure:13604: checking for ieeefp.h
configure:13604: gcc -c -std=c99  conftest.c >&5
conftest.c:54:20: fatal error: ieeefp.h: No such file or directory
 #include <ieeefp.h>
                    ^
compilation terminated.
configure:13604: $? = 1
configure: failed program was:
| /* confdefs.h */
| #define PACKAGE_NAME "gsl"
| #define PACKAGE_TARNAME "gsl"
| #define PACKAGE_VERSION "2.7.1"
| #define PACKAGE_STRING "gsl 2.7.1"
| #define PACKAGE_BUGREPORT ""
| #define PACKAGE_URL ""
| #define PACKAGE "gsl"
| #define VERSION "2.7.1"
| #define RELEASED /**/
| #define HAVE_STDIO_H 1
| #define HAVE_STDLIB_H 1
| #define HAVE_STRING_H 1
| #define HAVE_INTTYPES_H 1
| #define HAVE_STDINT_H 1
| #define HAVE_STRINGS_H 1
| #define HAVE_SYS_STAT_H 1
| #define HAVE_SYS_TYPES_H 1
| #define HAVE_UNISTD_H 1
| #define STDC_HEADERS 1
| #define HAVE_DLFCN_H 1
| #define LT_OBJDIR ".libs/"
| #define HAVE_INLINE 1
| #define HAVE_C99_INLINE 1
| /* end confdefs.h.  */
| #include <stddef.h>
| #ifdef HAVE_STDIO_H
| # include <stdio.h>
| #endif
| #ifdef HAVE_STDLIB_H
| # include <stdlib.h>
| #endif
| #ifdef HAVE_STRING_H
| # include <string.h>
| #endif
| #ifdef HAVE_INTTYPES_H
| # include <inttypes.h>
| #endif
| #ifdef HAVE_STDINT_H
| # include <stdint.h>
| #endif
| #ifdef HAVE_STRINGS_H
| # include <strings.h>
| #endif
| #ifdef HAVE_SYS_TYPES_H
| # include <sys/types.h>
| #endif
| #ifdef HAVE_SYS_STAT_H
| # include <sys/stat.h>
| #endif
| #ifdef HAVE_UNISTD_H
| # include <unistd.h>
| #endif
| #include <ieeefp.h>
configure:13604: result: no
configure:13611: checking for complex.h
configure:13611: gcc -c -std=c99  conftest.c >&5
configure:13611: $? = 0
configure:13611: result: yes
configure:13639: checking for vprintf
configure:13639: gcc -o conftest -std=c99   conftest.c  >&5
conftest.c:43:6: warning: conflicting types for built-in function 'vprintf' [enabled by default]
 char vprintf ();
      ^
configure:13639: $? = 0
configure:13639: result: yes
configure:13661: checking for memcpy
configure:13661: gcc -o conftest -std=c99   conftest.c  >&5
conftest.c:44:6: warning: conflicting types for built-in function 'memcpy' [enabled by default]
 char memcpy ();
      ^
configure:13661: $? = 0
configure:13661: result: yes
configure:13674: checking for memmove
configure:13674: gcc -o conftest -std=c99   conftest.c  >&5
conftest.c:45:6: warning: conflicting types for built-in function 'memmove' [enabled by default]
 char memmove ();
      ^
configure:13674: $? = 0
configure:13674: result: yes
configure:13687: checking for strdup
configure:13687: gcc -o conftest -std=c99   conftest.c  >&5
configure:13687: $? = 0
configure:13687: result: yes
configure:13700: checking for strtol
configure:13700: gcc -o conftest -std=c99   conftest.c  >&5
configure:13700: $? = 0
configure:13700: result: yes
configure:13713: checking for strtoul
configure:13713: gcc -o conftest -std=c99   conftest.c  >&5
configure:13713: $? = 0
configure:13713: result: yes
configure:13728: checking for EXIT_SUCCESS and EXIT_FAILURE
configure:13755: result: yes
configure:13766: checking for cos in -lm
configure:13799: result: yes
configure:13811: checking for gcc options needed to detect all undeclared functions
configure:13833: gcc -c -std=c99   conftest.c >&5
conftest.c: In function 'main':
conftest.c:39:8: error: 'strchr' undeclared (first use in this function)
 (void) strchr;
        ^
conftest.c:39:8: note: each undeclared identifier is reported only once for each function it appears in
configure:13833: $? = 1
configure: failed program was:
| /* confdefs.h */
| #define PACKAGE_NAME "gsl"
| #define PACKAGE_TARNAME "gsl"
| #define PACKAGE_VERSION "2.7.1"
| #define PACKAGE_STRING "gsl 2.7.1"
| #define PACKAGE_BUGREPORT ""
| #define PACKAGE_URL ""
| #define PACKAGE "gsl"
| #define VERSION "2.7.1"
| #define RELEASED /**/
| #define HAVE_STDIO_H 1
| #define HAVE_STDLIB_H 1
| #define HAVE_STRING_H 1
| #define HAVE_INTTYPES_H 1
| #define HAVE_STDINT_H 1
| #define HAVE_STRINGS_H 1
| #define HAVE_SYS_STAT_H 1
| #define HAVE_SYS_TYPES_H 1
| #define HAVE_UNISTD_H 1
| #define STDC_HEADERS 1
| #define HAVE_DLFCN_H 1
| #define LT_OBJDIR ".libs/"
| #define HAVE_INLINE 1
| #define HAVE_C99_INLINE 1
| #define HAVE_COMPLEX_H 1
| #define HAVE_VPRINTF 1
| #define HAVE_MEMCPY 1
| #define HAVE_MEMMOVE 1
| #define HAVE_STRDUP 1
| #define HAVE_STRTOL 1
| #define HAVE_STRTOUL 1
| #define HAVE_EXIT_SUCCESS_AND_FAILURE 1
| #define HAVE_LIBM 1
| /* end confdefs.h.  */
| 
| int
| main (void)
| {
| (void) strchr;
|   ;
|   return 0;
| }
configure:13860: gcc -c -std=c99   conftest.c >&5
configure:13860: $? = 0
configure:13877: result: none needed
configure:13891: checking whether feenableexcept is declared
configure:13891: gcc -c -std=c99   conftest.c >&5
configure:13891: $? = 0
configure:13891: result: yes
configure:13902: checking whether fesettrapenable is declared
configure:13902: gcc -c -std=c99   conftest.c >&5
conftest.c: In function 'main':
conftest.c:46:10: error: 'fesettrapenable' undeclared (first use in this function)
   (void) fesettrapenable;
          ^
conftest.c:46:10: note: each undeclared identifier is reported only once for each function it appears in
configure:13902: $? = 1
configure: failed program was:
| /* confdefs.h */
| #define PACKAGE_NAME "gsl"
| #define PACKAGE_TARNAME "gsl"
| #define PACKAGE_VERSION "2.7.1"
| #define PACKAGE_STRING "gsl 2.7.1"
| #define PACKAGE_BUGREPORT ""
| #define PACKAGE_URL ""
| #define PACKAGE "gsl"
| #define VERSION "2.7.1"
| #define RELEASED /**/
| #define HAVE_STDIO_H 1
| #define HAVE_STDLIB_H 1
| #define HAVE_STRING_H 1
| #define HAVE_INTTYPES_H 1
| #define HAVE_STDINT_H 1
| #define HAVE_STRINGS_H 1
| #define HAVE_SYS_STAT_H 1
| #define HAVE_SYS_TYPES_H 1
| #define HAVE_UNISTD_H 1
| #define STDC_HEADERS 1
| #define HAVE_DLFCN_H 1
| #define LT_OBJDIR ".libs/"
| #define HAVE_INLINE 1
| #define HAVE_C99_INLINE 1
| #define HAVE_COMPLEX_H 1
| #define HAVE_VPRINTF 1
| #define HAVE_MEMCPY 1
| #define HAVE_MEMMOVE 1
| #define HAVE_STRDUP 1
| #define HAVE_STRTOL 1
| #define HAVE_STRTOUL 1
| #define HAVE_EXIT_SUCCESS_AND_FAILURE 1
| #define HAVE_LIBM 1
| #define HAVE_DECL_FEENABLEEXCEPT 1
| /* end confdefs.h.  */
| #define _GNU_SOURCE 1
| #include <fenv.h>
| 
| int
| main (void)
| {
| #ifndef fesettrapenable
| #ifdef __cplusplus
|   (void) fesettrapenable;
| #else
|   (void) fesettrapenable;
| #endif
| #endif
| 
|   ;
|   return 0;
| }
configure:13902: result: no
configure:13913: checking whether hypot is declared
configure:13913: gcc -c -std=c99   conftest.c >&5
configure:13913: $? = 0
configure:13913: result: yes
configure:13923: checking whether expm1 is declared
configure:13923: gcc -c -std=c99   conftest.c >&5
configure:13923: $? = 0
configure:13923: result: yes
configure:13933: checking whether acosh is declared
configure:13933: gcc -c -std=c99   conftest.c >&5
configure:13933: $? = 0
configure:13933: result: yes
configure:13943: checking whether asinh is declared
configure:13943: gcc -c -std=c99   conftest.c >&5
configure:13943: $? = 0
configure:13943: result: yes
configure:13953: checking whether atanh is declared
configure:13953: gcc -c -std=c99   conftest.c >&5
configure:13953: $? = 0
configure:13953: result: yes
configure:13963: checking whether ldexp is declared
configure:13963: gcc -c -std=c99   conftest.c >&5
configure:13963: $? = 0
configure:13963: result: yes
configure:13973: checking whether frexp is declared
configure:13973: gcc -c -std=c99   conftest.c >&5
configure:13973: $? = 0
configure:13973: result: yes
configure:13983: checking whether fprnd_t is declared
configure:13983: gcc -c -std=c99   conftest.c >&5
conftest.c: In function 'main':
conftest.c:53:10: error: 'fprnd_t' undeclared (first use in this function)
   (void) fprnd_t;
          ^
conftest.c:53:10: note: each undeclared identifier is reported only once for each function it appears in
configure:13983: $? = 1
configure: failed program was:
| /* confdefs.h */
| #define PACKAGE_NAME "gsl"
| #define PACKAGE_TARNAME "gsl"
| #define PACKAGE_VERSION "2.7.1"
| #define PACKAGE_STRING "gsl 2.7.1"
| #define PACKAGE_BUGREPORT ""
| #define PACKAGE_URL ""
| #define PACKAGE "gsl"
| #define VERSION "2.7.1"
| #define RELEASED /**/
| #define HAVE_STDIO_H 1
| #define HAVE_STDLIB_H 1
| #define HAVE_STRING_H 1
| #define HAVE_INTTYPES_H 1
| #define HAVE_STDINT_H 1
| #define HAVE_STRINGS_H 1
| #define HAVE_SYS_STAT_H 1
| #define HAVE_SYS_TYPES_H 1
| #define HAVE_UNISTD_H 1
| #define STDC_HEADERS 1
| #define HAVE_DLFCN_H 1
| #define LT_OBJDIR ".libs/"
| #define HAVE_INLINE 1
| #define HAVE_C99_INLINE 1
| #define HAVE_COMPLEX_H 1
| #define HAVE_VPRINTF 1
| #define HAVE_MEMCPY 1
| #define HAVE_MEMMOVE 1
| #define HAVE_STRDUP 1
| #define HAVE_STRTOL 1
| #define HAVE_STRTOUL 1
| #define HAVE_EXIT_SUCCESS_AND_FAILURE 1
| #define HAVE_LIBM 1
| #define HAVE_DECL_FEENABLEEXCEPT 1
| #define HAVE_DECL_FESETTRAPENABLE 0
| #define HAVE_DECL_HYPOT 1
| #define HAVE_DECL_EXPM1 1
| #define HAVE_DECL_ACOSH 1
| #define HAVE_DECL_ASINH 1
| #define HAVE_DECL_ATANH 1
| #define HAVE_DECL_LDEXP 1
| #define HAVE_DECL_FREXP 1
| /* end confdefs.h.  */
| #include <float.h>
| 
| int
| main (void)
| {
| #ifndef fprnd_t
| #ifdef __cplusplus
|   (void) fprnd_t;
| #else
|   (void) fprnd_t;
| #endif
| #endif
| 
|   ;
|   return 0;
| }
configure:13983: result: no
configure:13993: checking whether isinf is declared
configure:13993: gcc -c -std=c99   conftest.c >&5
configure:13993: $? = 0
configure:13993: result: yes
configure:14003: checking whether isfinite is declared
configure:14003: gcc -c -std=c99   conftest.c >&5
configure:14003: $? = 0
configure:14003: result: yes
configure:14013: checking whether finite is declared
configure:14013: gcc -c -std=c99   conftest.c >&5
conftest.c: In function 'main':
conftest.c:59:10: error: 'finite' undeclared (first use in this function)
   (void) finite;
          ^
conftest.c:59:10: note: each undeclared identifier is reported only once for each function it appears in
configure:14013: $? = 1
configure: failed program was:
| /* confdefs.h */
| #define PACKAGE_NAME "gsl"
| #define PACKAGE_TARNAME "gsl"
| #define PACKAGE_VERSION "2.7.1"
| #define PACKAGE_STRING "gsl 2.7.1"
| #define PACKAGE_BUGREPORT ""
| #define PACKAGE_URL ""
| #define PACKAGE "gsl"
| #define VERSION "2.7.1"
| #define RELEASED /**/
| #define HAVE_STDIO_H 1
| #define HAVE_STDLIB_H 1
| #define HAVE_STRING_H 1
| #define HAVE_INTTYPES_H 1
| #define HAVE_STDINT_H 1
| #define HAVE_STRINGS_H 1
| #define HAVE_SYS_STAT_H 1
| #define HAVE_SYS_TYPES_H 1
| #define HAVE_UNISTD_H 1
| #define STDC_HEADERS 1
| #define HAVE_DLFCN_H 1
| #define LT_OBJDIR ".libs/"
| #define HAVE_INLINE 1
| #define HAVE_C99_INLINE 1
| #define HAVE_COMPLEX_H 1
| #define HAVE_VPRINTF 1
| #define HAVE_MEMCPY 1
| #define HAVE_MEMMOVE 1
| #define HAVE_STRDUP 1
| #define HAVE_STRTOL 1
| #define HAVE_STRTOUL 1
| #define HAVE_EXIT_SUCCESS_AND_FAILURE 1
| #define HAVE_LIBM 1
| #define HAVE_DECL_FEENABLEEXCEPT 1
| #define HAVE_DECL_FESETTRAPENABLE 0
| #define HAVE_DECL_HYPOT 1
| #define HAVE_DECL_EXPM1 1
| #define HAVE_DECL_ACOSH 1
| #define HAVE_DECL_ASINH 1
| #define HAVE_DECL_ATANH 1
| #define HAVE_DECL_LDEXP 1
| #define HAVE_DECL_FREXP 1
| #define HAVE_DECL_FPRND_T 0
| #define HAVE_DECL_ISINF 1
| #define HAVE_DECL_ISFINITE 1
| /* end confdefs.h.  */
| #include <math.h>
| #if HAVE_IEEEFP_H
| #include <ieeefp.h>
| #endif
| 
| int
| main (void)
| {
| #ifndef finite
| #ifdef __cplusplus
|   (void) finite;
| #else
|   (void) finite;
| #endif
| #endif
| 
|   ;
|   return 0;
| }
configure:14013: result: no
configure:14026: checking whether isnan is declared
configure:14026: gcc -c -std=c99   conftest.c >&5
configure:14026: $? = 0
configure:14026: result: yes
configure:14043: checking whether log1p is declared
configure:14043: gcc -c -std=c99   conftest.c >&5
configure:14043: $? = 0
configure:14043: result: yes
configure:14056: checking for long double stdio
configure:14079: gcc -o conftest -std=c99   conftest.c -lm  >&5
configure:14079: $? = 0
configure:14079: ./conftest
1.234
configure:14079: $? = 0
configure:14090: result: yes
configure:14099: checking for extended floating point registers
configure:14133: result: yes
configure:14142: checking for IEEE arithmetic interface type
configure:14206: result: gnux86
configure:14210: checking for FPU_SETCW
configure:14233: gcc -c -std=c99  conftest.c >&5
configure:14233: $? = 0
configure:14242: result: yes
configure:14247: checking for SSE extensions
configure:14294: gcc -o conftest -std=c99   conftest.c -lm  >&5
conftest.c: In function 'main':
conftest.c:54:31: error: 'asm' undeclared (first use in this function)
 #define _FPU_SETMXCSR(cw_sse) asm volatile ("ldmxcsr %0" : : "m" (*&cw_sse))
                               ^
conftest.c:59:31: note: in expansion of macro '_FPU_SETMXCSR'
  unsigned int mode = 0x1f80 ; _FPU_SETMXCSR(mode); exit(0);
                               ^
conftest.c:54:31: note: each undeclared identifier is reported only once for each function it appears in
 #define _FPU_SETMXCSR(cw_sse) asm volatile ("ldmxcsr %0" : : "m" (*&cw_sse))
                               ^
conftest.c:59:31: note: in expansion of macro '_FPU_SETMXCSR'
  unsigned int mode = 0x1f80 ; _FPU_SETMXCSR(mode); exit(0);
                               ^
conftest.c:54:35: error: expected ';' before 'volatile'
 #define _FPU_SETMXCSR(cw_sse) asm volatile ("ldmxcsr %0" : : "m" (*&cw_sse))
                                   ^
conftest.c:59:31: note: in expansion of macro '_FPU_SETMXCSR'
  unsigned int mode = 0x1f80 ; _FPU_SETMXCSR(mode); exit(0);
                               ^
configure:14294: $? = 1
configure: program exited with status 1
configure: failed program was:
| /* confdefs.h */
| #define PACKAGE_NAME "gsl"
| #define PACKAGE_TARNAME "gsl"
| #define PACKAGE_VERSION "2.7.1"
| #define PACKAGE_STRING "gsl 2.7.1"
| #define PACKAGE_BUGREPORT ""
| #define PACKAGE_URL ""
| #define PACKAGE "gsl"
| #define VERSION "2.7.1"
| #define RELEASED /**/
| #define HAVE_STDIO_H 1
| #define HAVE_STDLIB_H 1
| #define HAVE_STRING_H 1
| #define HAVE_INTTYPES_H 1
| #define HAVE_STDINT_H 1
| #define HAVE_STRINGS_H 1
| #define HAVE_SYS_STAT_H 1
| #define HAVE_SYS_TYPES_H 1
| #define HAVE_UNISTD_H 1
| #define STDC_HEADERS 1
| #define HAVE_DLFCN_H 1
| #define LT_OBJDIR ".libs/"
| #define HAVE_INLINE 1
| #define HAVE_C99_INLINE 1
| #define HAVE_COMPLEX_H 1
| #define HAVE_VPRINTF 1
| #define HAVE_MEMCPY 1
| #define HAVE_MEMMOVE 1
| #define HAVE_STRDUP 1
| #define HAVE_STRTOL 1
| #define HAVE_STRTOUL 1
| #define HAVE_EXIT_SUCCESS_AND_FAILURE 1
| #define HAVE_LIBM 1
| #define HAVE_DECL_FEENABLEEXCEPT 1
| #define HAVE_DECL_FESETTRAPENABLE 0
| #define HAVE_DECL_HYPOT 1
| #define HAVE_DECL_EXPM1 1
| #define HAVE_DECL_ACOSH 1
| #define HAVE_DECL_ASINH 1
| #define HAVE_DECL_ATANH 1
| #define HAVE_DECL_LDEXP 1
| #define HAVE_DECL_FREXP 1
| #define HAVE_DECL_FPRND_T 0
| #define HAVE_DECL_ISINF 1
| #define HAVE_DECL_ISFINITE 1
| #define HAVE_DECL_FINITE 0
| #define HAVE_DECL_ISNAN 1
| #define HAVE_DECL_LOG1P 1
| #define HAVE_PRINTF_LONGDOUBLE 1
| #define HAVE_EXTENDED_PRECISION_REGISTERS 1
| /* end confdefs.h.  */
| 
| #include <stdlib.h>
| #define _FPU_SETMXCSR(cw_sse) asm volatile ("ldmxcsr %0" : : "m" (*&cw_sse))
| 
| int
| main (void)
| {
|  unsigned int mode = 0x1f80 ; _FPU_SETMXCSR(mode); exit(0);
|   ;
|   return 0;
| }
configure:14305: result: no
configure:14340: checking for IEEE compiler flags
configure:14381: result: none
configure:14390: checking for IEEE comparisons
configure:14413: gcc -o conftest -std=c99   conftest.c -lm  >&5
conftest.c: In function 'main':
conftest.c:61:4: warning: implicit declaration of function 'exit' [-Wimplicit-function-declaration]
    exit (status);
    ^
conftest.c:61:4: warning: incompatible implicit declaration of built-in function 'exit' [enabled by default]
configure:14413: $? = 0
configure:14413: ./conftest
configure:14413: $? = 0
configure:14425: result: yes
configure:14434: checking for IEEE denormalized values
configure:14458: gcc -o conftest -std=c99   conftest.c -lm  >&5
conftest.c: In function 'main':
conftest.c:63:4: warning: implicit declaration of function 'exit' [-Wimplicit-function-declaration]
    exit (status);
    ^
conftest.c:63:4: warning: incompatible implicit declaration of built-in function 'exit' [enabled by default]
configure:14458: $? = 0
configure:14458: ./conftest
configure:14458: $? = 0
configure:14470: result: yes
configure:14609: checking that generated files are newer than configure
configure:14615: result: done
configure:14642: creating ./config.status

## ---------------------- ##
## Running config.status. ##
## ---------------------- ##

This file was extended by gsl config.status 2.7.1, which was
generated by GNU Autoconf 2.71.  Invocation command line was

  CONFIG_FILES    = 
  CONFIG_HEADERS  = 
  CONFIG_LINKS    = 
  CONFIG_COMMANDS = 
  $ ./config.status 

on phase

config.status:1204: creating Makefile
config.status:1204: creating gsl_version.h
config.status:1204: creating gsl.spec
config.status:1204: creating blas/Makefile
config.status:1204: creating block/Makefile
config.status:1204: creating bspline/Makefile
config.status:1204: creating bst/Makefile
config.status:1204: creating cblas/Makefile
config.status:1204: creating cdf/Makefile
config.status:1204: creating cheb/Makefile
config.status:1204: creating combination/Makefile
config.status:1204: creating complex/Makefile
config.status:1204: creating const/Makefile
config.status:1204: creating deriv/Makefile
config.status:1204: creating dht/Makefile
config.status:1204: creating diff/Makefile
config.status:1204: creating doc/Makefile
config.status:1204: creating doc/examples/Makefile
config.status:1204: creating eigen/Makefile
config.status:1204: creating err/Makefile
config.status:1204: creating fft/Makefile
config.status:1204: creating filter/Makefile
config.status:1204: creating fit/Makefile
config.status:1204: creating gsl/Makefile
config.status:1204: creating histogram/Makefile
config.status:1204: creating ieee-utils/Makefile
config.status:1204: creating integration/Makefile
config.status:1204: creating interpolation/Makefile
config.status:1204: creating linalg/Makefile
config.status:1204: creating matrix/Makefile
config.status:1204: creating min/Makefile
config.status:1204: creating monte/Makefile
config.status:1204: creating movstat/Makefile
config.status:1204: creating multifit/Makefile
config.status:1204: creating multifit_nlinear/Makefile
config.status:1204: creating multilarge/Makefile
config.status:1204: creating multilarge_nlinear/Makefile
config.status:1204: creating multimin/Makefile
config.status:1204: creating multiroots/Makefile
config.status:1204: creating multiset/Makefile
config.status:1204: creating ntuple/Makefile
config.status:1204: creating ode-initval/Makefile
config.status:1204: creating ode-initval2/Makefile
config.status:1204: creating permutation/Makefile
config.status:1204: creating poly/Makefile
config.status:1204: creating qrng/Makefile
config.status:1204: creating randist/Makefile
config.status:1204: creating rng/Makefile
config.status:1204: creating roots/Makefile
config.status:1204: creating rstat/Makefile
config.status:1204: creating siman/Makefile
config.status:1204: creating sort/Makefile
config.status:1204: creating spblas/Makefile
config.status:1204: creating splinalg/Makefile
config.status:1204: creating spmatrix/Makefile
config.status:1204: creating specfunc/Makefile
config.status:1204: creating statistics/Makefile
config.status:1204: creating sum/Makefile
config.status:1204: creating sys/Makefile
config.status:1204: creating test/Makefile
config.status:1204: creating utils/Makefile
config.status:1204: creating vector/Makefile
config.status:1204: creating wavelet/Makefile
config.status:1204: creating config.h
config.status:1433: executing depfiles commands
config.status:1510: cd .       && sed -e '/# am--include-marker/d' Makefile         | make -f - am--depfiles
config.status:1515: $? = 0
config.status:1510: cd blas       && sed -e '/# am--include-marker/d' Makefile         | make -f - am--depfiles
config.status:1515: $? = 0
config.status:1510: cd block       && sed -e '/# am--include-marker/d' Makefile         | make -f - am--depfiles
config.status:1515: $? = 0
config.status:1510: cd bspline       && sed -e '/# am--include-marker/d' Makefile         | make -f - am--depfiles
config.status:1515: $? = 0
config.status:1510: cd bst       && sed -e '/# am--include-marker/d' Makefile         | make -f - am--depfiles
config.status:1515: $? = 0
config.status:1510: cd cblas       && sed -e '/# am--include-marker/d' Makefile         | make -f - am--depfiles
config.status:1515: $? = 0
config.status:1510: cd cdf       && sed -e '/# am--include-marker/d' Makefile         | make -f - am--depfiles
config.status:1515: $? = 0
config.status:1510: cd cheb       && sed -e '/# am--include-marker/d' Makefile         | make -f - am--depfiles
config.status:1515: $? = 0
config.status:1510: cd combination       && sed -e '/# am--include-marker/d' Makefile         | make -f - am--depfiles
config.status:1515: $? = 0
config.status:1510: cd complex       && sed -e '/# am--include-marker/d' Makefile         | make -f - am--depfiles
config.status:1515: $? = 0
config.status:1510: cd const       && sed -e '/# am--include-marker/d' Makefile         | make -f - am--depfiles
config.status:1515: $? = 0
config.status:1510: cd deriv       && sed -e '/# am--include-marker/d' Makefile         | make -f - am--depfiles
config.status:1515: $? = 0
config.status:1510: cd dht       && sed -e '/# am--include-marker/d' Makefile         | make -f - am--depfiles
config.status:1515: $? = 0
config.status:1510: cd diff       && sed -e '/# am--include-marker/d' Makefile         | make -f - am--depfiles
config.status:1515: $? = 0
config.status:1510: cd doc/examples       && sed -e '/# am--include-marker/d' Makefile         | make -f - am--depfiles
config.status:1515: $? = 0
config.status:1510: cd eigen       && sed -e '/# am--include-marker/d' Makefile         | make -f - am--depfiles
config.status:1515: $? = 0
config.status:1510: cd err       && sed -e '/# am--include-marker/d' Makefile         | make -f - am--depfiles
config.status:1515: $? = 0
config.status:1510: cd fft       && sed -e '/# am--include-marker/d' Makefile         | make -f - am--depfiles
config.status:1515: $? = 0
config.status:1510: cd filter       && sed -e '/# am--include-marker/d' Makefile         | make -f - am--depfiles
config.status:1515: $? = 0
config.status:1510: cd fit       && sed -e '/# am--include-marker/d' Makefile         | make -f - am--depfiles
config.status:1515: $? = 0
config.status:1510: cd histogram       && sed -e '/# am--include-marker/d' Makefile         | make -f - am--depfiles
config.status:1515: $? = 0
config.status:1510: cd ieee-utils       && sed -e '/# am--include-marker/d' Makefile         | make -f - am--depfiles
config.status:1515: $? = 0
config.status:1510: cd integration       && sed -e '/# am--include-marker/d' Makefile         | make -f - am--depfiles
config.status:1515: $? = 0
config.status:1510: cd interpolation       && sed -e '/# am--include-marker/d' Makefile         | make -f - am--depfiles
config.status:1515: $? = 0
config.status:1510: cd linalg       && sed -e '/# am--include-marker/d' Makefile         | make -f - am--depfiles
config.status:1515: $? = 0
config.status:1510: cd matrix       && sed -e '/# am--include-marker/d' Makefile         | make -f - am--depfiles
config.status:1515: $? = 0
config.status:1510: cd min       && sed -e '/# am--include-marker/d' Makefile         | make -f - am--depfiles
config.status:1515: $? = 0
config.status:1510: cd monte       && sed -e '/# am--include-marker/d' Makefile         | make -f - am--depfiles
config.status:1515: $? = 0
config.status:1510: cd movstat       && sed -e '/# am--include-marker/d' Makefile         | make -f - am--depfiles
config.status:1515: $? = 0
config.status:1510: cd multifit       && sed -e '/# am--include-marker/d' Makefile         | make -f - am--depfiles
config.status:1515: $? = 0
config.status:1510: cd multifit_nlinear       && sed -e '/# am--include-marker/d' Makefile         | make -f - am--depfiles
config.status:1515: $? = 0
config.status:1510: cd multilarge       && sed -e '/# am--include-marker/d' Makefile         | make -f - am--depfiles
config.status:1515: $? = 0
config.status:1510: cd multilarge_nlinear       && sed -e '/# am--include-marker/d' Makefile         | make -f - am--depfiles
config.status:1515: $? = 0
config.status:1510: cd multimin       && sed -e '/# am--include-marker/d' Makefile         | make -f - am--depfiles
config.status:1515: $? = 0
config.status:1510: cd multiroots       && sed -e '/# am--include-marker/d' Makefile         | make -f - am--depfiles
config.status:1515: $? = 0
config.status:1510: cd multiset       && sed -e '/# am--include-marker/d' Makefile         | make -f - am--depfiles
config.status:1515: $? = 0
config.status:1510: cd ntuple       && sed -e '/# am--include-marker/d' Makefile         | make -f - am--depfiles
config.status:1515: $? = 0
config.status:1510: cd ode-initval       && sed -e '/# am--include-marker/d' Makefile         | make -f - am--depfiles
config.status:1515: $? = 0
config.status:1510: cd ode-initval2       && sed -e '/# am--include-marker/d' Makefile         | make -f - am--depfiles
config.status:1515: $? = 0
config.status:1510: cd permutation       && sed -e '/# am--include-marker/d' Makefile         | make -f - am--depfiles
config.status:1515: $? = 0
config.status:1510: cd poly       && sed -e '/# am--include-marker/d' Makefile         | make -f - am--depfiles
config.status:1515: $? = 0
config.status:1510: cd qrng       && sed -e '/# am--include-marker/d' Makefile         | make -f - am--depfiles
config.status:1515: $? = 0
config.status:1510: cd randist       && sed -e '/# am--include-marker/d' Makefile         | make -f - am--depfiles
config.status:1515: $? = 0
config.status:1510: cd rng       && sed -e '/# am--include-marker/d' Makefile         | make -f - am--depfiles
config.status:1515: $? = 0
config.status:1510: cd roots       && sed -e '/# am--include-marker/d' Makefile         | make -f - am--depfiles
config.status:1515: $? = 0
config.status:1510: cd rstat       && sed -e '/# am--include-marker/d' Makefile         | make -f - am--depfiles
config.status:1515: $? = 0
config.status:1510: cd siman       && sed -e '/# am--include-marker/d' Makefile         | make -f - am--depfiles
config.status:1515: $? = 0
config.status:1510: cd sort       && sed -e '/# am--include-marker/d' Makefile         | make -f - am--depfiles
config.status:1515: $? = 0
config.status:1510: cd spblas       && sed -e '/# am--include-marker/d' Makefile         | make -f - am--depfiles
config.status:1515: $? = 0
config.status:1510: cd splinalg       && sed -e '/# am--include-marker/d' Makefile         | make -f - am--depfiles
config.status:1515: $? = 0
config.status:1510: cd spmatrix       && sed -e '/# am--include-marker/d' Makefile         | make -f - am--depfiles
config.status:1515: $? = 0
config.status:1510: cd specfunc       && sed -e '/# am--include-marker/d' Makefile         | make -f - am--depfiles
config.status:1515: $? = 0
config.status:1510: cd statistics       && sed -e '/# am--include-marker/d' Makefile         | make -f - am--depfiles
config.status:1515: $? = 0
config.status:1510: cd sum       && sed -e '/# am--include-marker/d' Makefile         | make -f - am--depfiles
config.status:1515: $? = 0
config.status:1510: cd sys       && sed -e '/# am--include-marker/d' Makefile         | make -f - am--depfiles
config.status:1515: $? = 0
config.status:1510: cd test       && sed -e '/# am--include-marker/d' Makefile         | make -f - am--depfiles
config.status:1515: $? = 0
config.status:1510: cd utils       && sed -e '/# am--include-marker/d' Makefile         | make -f - am--depfiles
config.status:1515: $? = 0
config.status:1510: cd vector       && sed -e '/# am--include-marker/d' Makefile         | make -f - am--depfiles
config.status:1515: $? = 0
config.status:1510: cd wavelet       && sed -e '/# am--include-marker/d' Makefile         | make -f - am--depfiles
config.status:1515: $? = 0
config.status:1433: executing libtool commands

## ---------------- ##
## Cache variables. ##
## ---------------- ##

ac_cv_build=x86_64-unknown-linux-gnu
ac_cv_c_c99inline=yes
ac_cv_c_char_unsigned=no
ac_cv_c_compiler_gnu=yes
ac_cv_c_extended_fp=yes
ac_cv_c_extern_inline=no
ac_cv_c_fpu_setcw=yes
ac_cv_c_fpu_sse=no
ac_cv_c_ieee_comparisons=yes
ac_cv_c_ieee_denormals=yes
ac_cv_c_ieee_flags=none
ac_cv_c_ieee_interface=gnux86
ac_cv_c_inline=inline
ac_cv_c_undeclared_builtin_options='none needed'
ac_cv_c_volatile=yes
ac_cv_decl_exit_success_and_failure=yes
ac_cv_env_CC_set=
ac_cv_env_CC_value=
ac_cv_env_CFLAGS_set=set
ac_cv_env_CFLAGS_value=-std=c99
ac_cv_env_CPPFLAGS_set=
ac_cv_env_CPPFLAGS_value=
ac_cv_env_CPP_set=
ac_cv_env_CPP_value=
ac_cv_env_LDFLAGS_set=
ac_cv_env_LDFLAGS_value=
ac_cv_env_LIBS_set=
ac_cv_env_LIBS_value=
ac_cv_env_LT_SYS_LIBRARY_PATH_set=
ac_cv_env_LT_SYS_LIBRARY_PATH_value=
ac_cv_env_build_alias_set=
ac_cv_env_build_alias_value=
ac_cv_env_host_alias_set=
ac_cv_env_host_alias_value=
ac_cv_env_target_alias_set=
ac_cv_env_target_alias_value=
ac_cv_func_memcpy=yes
ac_cv_func_memmove=yes
ac_cv_func_printf_longdouble=yes
ac_cv_func_strdup=yes
ac_cv_func_strtol=yes
ac_cv_func_strtoul=yes
ac_cv_func_vprintf=yes
ac_cv_have_decl_acosh=yes
ac_cv_have_decl_asinh=yes
ac_cv_have_decl_atanh=yes
ac_cv_have_decl_expm1=yes
ac_cv_have_decl_feenableexcept=yes
ac_cv_have_decl_fesettrapenable=no
ac_cv_have_decl_finite=no
ac_cv_have_decl_fprnd_t=no
ac_cv_have_decl_frexp=yes
ac_cv_have_decl_hypot=yes
ac_cv_have_decl_isfinite=yes
ac_cv_have_decl_isinf=yes
ac_cv_have_decl_isnan=yes
ac_cv_have_decl_ldexp=yes
ac_cv_have_decl_log1p=yes
ac_cv_header_complex_h=yes
ac_cv_header_dlfcn_h=yes
ac_cv_header_ieeefp_h=no
ac_cv_header_inttypes_h=yes
ac_cv_header_stdint_h=yes
ac_cv_header_stdio_h=yes
ac_cv_header_stdlib_h=yes
ac_cv_header_string_h=yes
ac_cv_header_strings_h=yes
ac_cv_header_sys_stat_h=yes
ac_cv_header_sys_types_h=yes
ac_cv_header_unistd_h=yes
ac_cv_host=x86_64-unknown-linux-gnu
ac_cv_lib_m_cos=yes
ac_cv_objext=o
ac_cv_path_EGREP='/usr/bin/grep -E'
ac_cv_path_FGREP='/usr/bin/grep -F'
ac_cv_path_GREP=/usr/bin/grep
ac_cv_path_SED=/usr/bin/sed
ac_cv_path_install='/usr/bin/install -c'
ac_cv_path_lt_DD=/usr/bin/dd
ac_cv_path_mkdir=/usr/bin/mkdir
ac_cv_prog_AWK=gawk
ac_cv_prog_CPP='gcc -E'
ac_cv_prog_ac_ct_AR=ar
ac_cv_prog_ac_ct_CC=gcc
ac_cv_prog_ac_ct_OBJDUMP=objdump
ac_cv_prog_ac_ct_RANLIB=ranlib
ac_cv_prog_ac_ct_STRIP=strip
ac_cv_prog_cc_c11=no
ac_cv_prog_cc_c99=
ac_cv_prog_cc_g=yes
ac_cv_prog_cc_stdc=
ac_cv_prog_make_make_set=yes
ac_cv_type_size_t=yes
am_cv_CC_dependencies_compiler_type=gcc3
am_cv_make_support_nested_variables=yes
am_cv_prog_cc_c_o=yes
lt_cv_ar_at_file=@
lt_cv_archive_cmds_need_lc=no
lt_cv_deplibs_check_method=pass_all
lt_cv_file_magic_cmd='$MAGIC_CMD'
lt_cv_file_magic_test_file=
lt_cv_ld_reload_flag=-r
lt_cv_nm_interface='BSD nm'
lt_cv_objdir=.libs
lt_cv_path_LD=/usr/bin/ld
lt_cv_path_NM='/usr/bin/nm -B'
lt_cv_path_mainfest_tool=no
lt_cv_prog_compiler_c_o=yes
lt_cv_prog_compiler_pic='-fPIC -DPIC'
lt_cv_prog_compiler_pic_works=yes
lt_cv_prog_compiler_rtti_exceptions=no
lt_cv_prog_compiler_static_works=no
lt_cv_prog_gnu_ld=yes
lt_cv_sharedlib_from_linklib_cmd='printf %s\n'
lt_cv_shlibpath_overrides_runpath=no
lt_cv_sys_global_symbol_pipe='sed -n -e '\''s/^.*[	 ]\([ABCDGIRSTW][ABCDGIRSTW]*\)[	 ][	 ]*\([_A-Za-z][_A-Za-z0-9]*\)$/\1 \2 \2/p'\'' | sed '\''/ __gnu_lto/d'\'''
lt_cv_sys_global_symbol_to_c_name_address='sed -n -e '\''s/^: \(.*\) .*$/  {"\1", (void *) 0},/p'\'' -e '\''s/^[ABCDGIRSTW][ABCDGIRSTW]* .* \(.*\)$/  {"\1", (void *) \&\1},/p'\'''
lt_cv_sys_global_symbol_to_c_name_address_lib_prefix='sed -n -e '\''s/^: \(.*\) .*$/  {"\1", (void *) 0},/p'\'' -e '\''s/^[ABCDGIRSTW][ABCDGIRSTW]* .* \(lib.*\)$/  {"\1", (void *) \&\1},/p'\'' -e '\''s/^[ABCDGIRSTW][ABCDGIRSTW]* .* \(.*\)$/  {"lib\1", (void *) \&\1},/p'\'''
lt_cv_sys_global_symbol_to_cdecl='sed -n -e '\''s/^T .* \(.*\)$/extern int \1();/p'\'' -e '\''s/^[ABCDGIRSTW][ABCDGIRSTW]* .* \(.*\)$/extern char \1;/p'\'''
lt_cv_sys_global_symbol_to_import=
lt_cv_sys_max_cmd_len=3458764513820540925
lt_cv_to_host_file_cmd=func_convert_file_noop
lt_cv_to_tool_file_cmd=func_convert_file_noop
lt_cv_truncate_bin='/usr/bin/dd bs=4096 count=1'

## ----------------- ##
## Output variables. ##
## ----------------- ##

ACLOCAL='${SHELL} '\''/home/taeung/gsl-2.7.1/missing'\'' aclocal-1.16'
AMDEPBACKSLASH='\'
AMDEP_FALSE='#'
AMDEP_TRUE=''
AMTAR='$${TAR-tar}'
AM_BACKSLASH='\'
AM_DEFAULT_V='$(AM_DEFAULT_VERBOSITY)'
AM_DEFAULT_VERBOSITY='1'
AM_V='$(V)'
AR='ar'
AS='as'
AUTOCONF='${SHELL} '\''/home/taeung/gsl-2.7.1/missing'\'' autoconf'
AUTOHEADER='${SHELL} '\''/home/taeung/gsl-2.7.1/missing'\'' autoheader'
AUTOMAKE='${SHELL} '\''/home/taeung/gsl-2.7.1/missing'\'' automake-1.16'
AWK='gawk'
CC='gcc'
CCDEPMODE='depmode=gcc3'
CFLAGS='-std=c99'
CPP='gcc -E'
CPPFLAGS=''
CYGPATH_W='echo'
DEFS='-DHAVE_CONFIG_H'
DEPDIR='.deps'
DLLTOOL='false'
DSYMUTIL=''
DUMPBIN=''
ECHO_C=''
ECHO_N='-n'
ECHO_T=''
EGREP='/usr/bin/grep -E'
EXEEXT=''
FGREP='/usr/bin/grep -F'
GREP='/usr/bin/grep'
GSLCBLAS_LDFLAGS=''
GSL_CFLAGS='-I${prefix}/include'
GSL_LDFLAGS=''
GSL_LIBADD=''
GSL_LIBM='-lm'
GSL_LIBS='-L${exec_prefix}/lib -lgsl'
GSL_LT_CBLAS_VERSION='0:0:0'
GSL_LT_VERSION='27:0:0'
GSL_MAJOR_VERSION='2'
GSL_MINOR_VERSION='7'
HAVE_AIX_IEEE_INTERFACE=''
HAVE_DARWIN86_IEEE_INTERFACE=''
HAVE_DARWIN_IEEE_INTERFACE=''
HAVE_FREEBSD_IEEE_INTERFACE=''
HAVE_GNUM68K_IEEE_INTERFACE=''
HAVE_GNUPPC_IEEE_INTERFACE=''
HAVE_GNUSPARC_IEEE_INTERFACE=''
HAVE_GNUX86_IEEE_INTERFACE=''
HAVE_HPUX11_IEEE_INTERFACE=''
HAVE_HPUX_IEEE_INTERFACE=''
HAVE_IRIX_IEEE_INTERFACE=''
HAVE_NETBSD_IEEE_INTERFACE=''
HAVE_OPENBSD_IEEE_INTERFACE=''
HAVE_OS2EMX_IEEE_INTERFACE=''
HAVE_SOLARIS_IEEE_INTERFACE=''
HAVE_SUNOS4_IEEE_INTERFACE=''
HAVE_TRU64_IEEE_INTERFACE=''
INSTALL_DATA='${INSTALL} -m 644'
INSTALL_PROGRAM='${INSTALL}'
INSTALL_SCRIPT='${INSTALL}'
INSTALL_STRIP_PROGRAM='$(install_sh) -c -s'
LD='/usr/bin/ld -m elf_x86_64'
LDFLAGS=''
LIBM='-lm'
LIBOBJS=''
LIBS='-lm '
LIBTOOL='$(SHELL) $(top_builddir)/libtool'
LIPO=''
LN_S='ln -s'
LTLIBOBJS=''
LT_SYS_LIBRARY_PATH=''
MAINT='#'
MAINTAINER_MODE_FALSE=''
MAINTAINER_MODE_TRUE='#'
MAKEINFO='${SHELL} '\''/home/taeung/gsl-2.7.1/missing'\'' makeinfo'
MANIFEST_TOOL=':'
MKDIR_P='/usr/bin/mkdir -p'
NM='/usr/bin/nm -B'
NMEDIT=''
OBJDUMP='objdump'
OBJEXT='o'
OTOOL64=''
OTOOL=''
PACKAGE='gsl'
PACKAGE_BUGREPORT=''
PACKAGE_NAME='gsl'
PACKAGE_STRING='gsl 2.7.1'
PACKAGE_TARNAME='gsl'
PACKAGE_URL=''
PACKAGE_VERSION='2.7.1'
PATH_SEPARATOR=':'
RANLIB='ranlib'
SED='/usr/bin/sed'
SET_MAKE=''
SHELL='/bin/sh'
STRIP='strip'
VERSION='2.7.1'
ac_ct_AR='ar'
ac_ct_CC='gcc'
ac_ct_DUMPBIN=''
am__EXEEXT_FALSE=''
am__EXEEXT_TRUE='#'
am__fastdepCC_FALSE='#'
am__fastdepCC_TRUE=''
am__include='include'
am__isrc=''
am__leading_dot='.'
am__nodep='_no'
am__quote=''
am__tar='$${TAR-tar} chof - "$$tardir"'
am__untar='$${TAR-tar} xf -'
bindir='${exec_prefix}/bin'
build='x86_64-unknown-linux-gnu'
build_alias=''
build_cpu='x86_64'
build_os='linux-gnu'
build_vendor='unknown'
datadir='${datarootdir}'
datarootdir='${prefix}/share'
docdir='${datarootdir}/doc/${PACKAGE_TARNAME}'
dvidir='${docdir}'
exec_prefix='${prefix}'
host='x86_64-unknown-linux-gnu'
host_alias=''
host_cpu='x86_64'
host_os='linux-gnu'
host_vendor='unknown'
htmldir='${docdir}'
includedir='${prefix}/include'
infodir='${datarootdir}/info'
install_sh='${SHELL} /home/taeung/gsl-2.7.1/install-sh'
libdir='${exec_prefix}/lib'
libexecdir='${exec_prefix}/libexec'
localedir='${datarootdir}/locale'
localstatedir='${prefix}/var'
mandir='${datarootdir}/man'
mkdir_p='$(MKDIR_P)'
oldincludedir='/usr/include'
pdfdir='${docdir}'
prefix='/home/taeung/GSL'
program_transform_name='s,x,x,'
psdir='${docdir}'
runstatedir='${localstatedir}/run'
sbindir='${exec_prefix}/sbin'
sharedstatedir='${prefix}/com'
sysconfdir='${prefix}/etc'
target_alias=''

## ----------- ##
## confdefs.h. ##
## ----------- ##

/* confdefs.h */
#define PACKAGE_NAME "gsl"
#define PACKAGE_TARNAME "gsl"
#define PACKAGE_VERSION "2.7.1"
#define PACKAGE_STRING "gsl 2.7.1"
#define PACKAGE_BUGREPORT ""
#define PACKAGE_URL ""
#define PACKAGE "gsl"
#define VERSION "2.7.1"
#define RELEASED /**/
#define HAVE_STDIO_H 1
#define HAVE_STDLIB_H 1
#define HAVE_STRING_H 1
#define HAVE_INTTYPES_H 1
#define HAVE_STDINT_H 1
#define HAVE_STRINGS_H 1
#define HAVE_SYS_STAT_H 1
#define HAVE_SYS_TYPES_H 1
#define HAVE_UNISTD_H 1
#define STDC_HEADERS 1
#define HAVE_DLFCN_H 1
#define LT_OBJDIR ".libs/"
#define HAVE_INLINE 1
#define HAVE_C99_INLINE 1
#define HAVE_COMPLEX_H 1
#define HAVE_VPRINTF 1
#define HAVE_MEMCPY 1
#define HAVE_MEMMOVE 1
#define HAVE_STRDUP 1
#define HAVE_STRTOL 1
#define HAVE_STRTOUL 1
#define HAVE_EXIT_SUCCESS_AND_FAILURE 1
#define HAVE_LIBM 1
#define HAVE_DECL_FEENABLEEXCEPT 1
#define HAVE_DECL_FESETTRAPENABLE 0
#define HAVE_DECL_HYPOT 1
#define HAVE_DECL_EXPM1 1
#define HAVE_DECL_ACOSH 1
#define HAVE_DECL_ASINH 1
#define HAVE_DECL_ATANH 1
#define HAVE_DECL_LDEXP 1
#define HAVE_DECL_FREXP 1
#define HAVE_DECL_FPRND_T 0
#define HAVE_DECL_ISINF 1
#define HAVE_DECL_ISFINITE 1
#define HAVE_DECL_FINITE 0
#define HAVE_DECL_ISNAN 1
#define HAVE_DECL_LOG1P 1
#define HAVE_PRINTF_LONGDOUBLE 1
#define HAVE_EXTENDED_PRECISION_REGISTERS 1
#define HAVE_GNUX86_IEEE_INTERFACE 1
#define HAVE_IEEE_COMPARISONS 1
#define HAVE_IEEE_DENORMALS 1

configure: exit 0
